[GIN-debug] [WARNING] Creating an Engine instance with the Logger and Recovery middleware already attached.

[GIN-debug] [WARNING] Running in "debug" mode. Switch to "release" mode in production.
 - using env:	export GIN_MODE=release
 - using code:	gin.SetMode(gin.ReleaseMode)

[GIN-debug] GET    /GetTasks                 --> minio-upload-go-api/routers.PingHandler (4 handlers)
[GIN-debug] GET    /test_upload              --> minio-upload-go-api/routers.TestUploadToMinIO (4 handlers)
[GIN-debug] POST   /v1/minio/tasks           --> minio-upload-go-api/routers.InitTask (4 handlers)
[GIN-debug] GET    /v1/minio/tasks/:identifier/:partNumber --> minio-upload-go-api/routers.GenPreSignUploadURL (4 handlers)
[GIN-debug] GET    /v1/minio/tasks/:identifier --> minio-upload-go-api/routers.GetTaskInfo (4 handlers)
[GIN-debug] POST   /v1/minio/tasks/merge/:identifier --> minio-upload-go-api/routers.Merge (4 handlers)
[GIN-debug] [WARNING] You trusted all proxies, this is NOT safe. We recommend you to set a value.
Please check https://pkg.go.dev/github.com/gin-gonic/gin#readme-don-t-trust-all-proxies for details.
[GIN-debug] Listening and serving HTTP on :3080
[GIN] 2023/08/25 - 22:06:15 | 200 |      24.992ms |             ::1 | GET      "/v1/minio/tasks/29952accb40c62368a98fc6ba76418ea"
[GIN] 2023/08/25 - 22:06:15 | 200 |     91.9043ms |             ::1 | POST     "/v1/minio/tasks"
[GIN] 2023/08/25 - 22:06:15 | 200 |      4.4368ms |             ::1 | GET      "/v1/minio/tasks/29952accb40c62368a98fc6ba76418ea/1"
[GIN] 2023/08/25 - 22:06:15 | 200 |      2.6202ms |             ::1 | GET      "/v1/minio/tasks/29952accb40c62368a98fc6ba76418ea/2"
[GIN] 2023/08/25 - 22:06:15 | 200 |      2.6198ms |             ::1 | GET      "/v1/minio/tasks/29952accb40c62368a98fc6ba76418ea/3"
[GIN] 2023/08/25 - 22:06:15 | 200 |      2.4625ms |             ::1 | GET      "/v1/minio/tasks/29952accb40c62368a98fc6ba76418ea/4"
[GIN] 2023/08/25 - 22:06:15 | 200 |      3.1739ms |             ::1 | GET      "/v1/minio/tasks/29952accb40c62368a98fc6ba76418ea/5"
[GIN] 2023/08/25 - 22:06:20 | 200 |       5.131ms |             ::1 | GET      "/v1/minio/tasks/29952accb40c62368a98fc6ba76418ea/6"
[GIN] 2023/08/25 - 22:06:20 | 200 |       6.039ms |             ::1 | GET      "/v1/minio/tasks/29952accb40c62368a98fc6ba76418ea/7"
[GIN] 2023/08/25 - 22:06:23 | 200 |      4.6183ms |             ::1 | GET      "/v1/minio/tasks/29952accb40c62368a98fc6ba76418ea/8"
[GIN] 2023/08/25 - 22:06:24 | 200 |       4.985ms |             ::1 | GET      "/v1/minio/tasks/29952accb40c62368a98fc6ba76418ea/9"
[GIN] 2023/08/25 - 22:06:25 | 200 |      4.4669ms |             ::1 | GET      "/v1/minio/tasks/29952accb40c62368a98fc6ba76418ea/10"
[GIN] 2023/08/25 - 22:06:29 | 200 |      4.9205ms |             ::1 | GET      "/v1/minio/tasks/29952accb40c62368a98fc6ba76418ea/11"
[GIN] 2023/08/25 - 22:06:29 | 200 |      4.9107ms |             ::1 | GET      "/v1/minio/tasks/29952accb40c62368a98fc6ba76418ea/12"
[GIN] 2023/08/25 - 22:06:32 | 200 |      4.1786ms |             ::1 | GET      "/v1/minio/tasks/29952accb40c62368a98fc6ba76418ea/13"
[GIN] 2023/08/25 - 22:06:32 | 200 |      5.9824ms |             ::1 | GET      "/v1/minio/tasks/29952accb40c62368a98fc6ba76418ea/14"
[GIN] 2023/08/25 - 22:06:33 | 200 |      6.1673ms |             ::1 | GET      "/v1/minio/tasks/29952accb40c62368a98fc6ba76418ea/15"
[GIN] 2023/08/25 - 22:06:37 | 200 |      4.9663ms |             ::1 | GET      "/v1/minio/tasks/29952accb40c62368a98fc6ba76418ea/16"
[GIN] 2023/08/25 - 22:06:38 | 200 |      4.4701ms |             ::1 | GET      "/v1/minio/tasks/29952accb40c62368a98fc6ba76418ea/17"
[GIN] 2023/08/25 - 22:06:40 | 200 |       5.337ms |             ::1 | GET      "/v1/minio/tasks/29952accb40c62368a98fc6ba76418ea/18"
[GIN] 2023/08/25 - 22:06:41 | 200 |      5.5816ms |             ::1 | GET      "/v1/minio/tasks/29952accb40c62368a98fc6ba76418ea/19"
[GIN] 2023/08/25 - 22:06:42 | 200 |      5.0335ms |             ::1 | GET      "/v1/minio/tasks/29952accb40c62368a98fc6ba76418ea/20"
[GIN] 2023/08/25 - 22:06:44 | 200 |      4.7799ms |             ::1 | GET      "/v1/minio/tasks/29952accb40c62368a98fc6ba76418ea/21"
[GIN] 2023/08/25 - 22:06:49 | 200 |    208.8445ms |             ::1 | POST     "/v1/minio/tasks/merge/29952accb40c62368a98fc6ba76418ea"
[GIN] 2023/08/25 - 22:07:47 | 200 |      3.7796ms |             ::1 | GET      "/v1/minio/tasks/29952accb40c62368a98fc6ba76418ea"
[GIN] 2023/08/25 - 22:07:47 | 200 |     45.6676ms |             ::1 | POST     "/v1/minio/tasks"
[GIN] 2023/08/25 - 22:07:47 | 200 |      3.1611ms |             ::1 | GET      "/v1/minio/tasks/29952accb40c62368a98fc6ba76418ea/1"
[GIN] 2023/08/25 - 22:07:47 | 200 |      2.8555ms |             ::1 | GET      "/v1/minio/tasks/29952accb40c62368a98fc6ba76418ea/2"
[GIN] 2023/08/25 - 22:07:47 | 200 |      3.8471ms |             ::1 | GET      "/v1/minio/tasks/29952accb40c62368a98fc6ba76418ea/3"
[GIN] 2023/08/25 - 22:07:47 | 200 |      3.1489ms |             ::1 | GET      "/v1/minio/tasks/29952accb40c62368a98fc6ba76418ea/4"
[GIN] 2023/08/25 - 22:07:47 | 200 |      2.6492ms |             ::1 | GET      "/v1/minio/tasks/29952accb40c62368a98fc6ba76418ea/5"
[GIN] 2023/08/25 - 22:07:53 | 200 |      5.6354ms |             ::1 | GET      "/v1/minio/tasks/29952accb40c62368a98fc6ba76418ea/6"
[GIN] 2023/08/25 - 22:07:53 | 200 |      5.2457ms |             ::1 | GET      "/v1/minio/tasks/29952accb40c62368a98fc6ba76418ea/7"
[GIN] 2023/08/25 - 22:07:54 | 200 |      5.2132ms |             ::1 | GET      "/v1/minio/tasks/29952accb40c62368a98fc6ba76418ea/8"
[GIN] 2023/08/25 - 22:07:54 | 200 |       4.234ms |             ::1 | GET      "/v1/minio/tasks/29952accb40c62368a98fc6ba76418ea/9"
[GIN] 2023/08/25 - 22:07:58 | 200 |      5.2754ms |             ::1 | GET      "/v1/minio/tasks/29952accb40c62368a98fc6ba76418ea/10"
[GIN] 2023/08/25 - 22:08:01 | 200 |      5.5927ms |             ::1 | GET      "/v1/minio/tasks/29952accb40c62368a98fc6ba76418ea/11"
[GIN] 2023/08/25 - 22:08:01 | 200 |      6.8303ms |             ::1 | GET      "/v1/minio/tasks/29952accb40c62368a98fc6ba76418ea/12"
[GIN] 2023/08/25 - 22:08:02 | 200 |      4.7138ms |             ::1 | GET      "/v1/minio/tasks/29952accb40c62368a98fc6ba76418ea/13"
[GIN] 2023/08/25 - 22:08:02 | 200 |      4.1917ms |             ::1 | GET      "/v1/minio/tasks/29952accb40c62368a98fc6ba76418ea/14"
[GIN] 2023/08/25 - 22:08:07 | 200 |      4.8005ms |             ::1 | GET      "/v1/minio/tasks/29952accb40c62368a98fc6ba76418ea/15"
[GIN] 2023/08/25 - 22:08:10 | 200 |      5.4442ms |             ::1 | GET      "/v1/minio/tasks/29952accb40c62368a98fc6ba76418ea/16"
[GIN] 2023/08/25 - 22:08:10 | 200 |      5.4683ms |             ::1 | GET      "/v1/minio/tasks/29952accb40c62368a98fc6ba76418ea/17"
[GIN] 2023/08/25 - 22:08:10 | 200 |      4.7007ms |             ::1 | GET      "/v1/minio/tasks/29952accb40c62368a98fc6ba76418ea/18"
[GIN] 2023/08/25 - 22:08:11 | 200 |      4.7666ms |             ::1 | GET      "/v1/minio/tasks/29952accb40c62368a98fc6ba76418ea/19"
[GIN] 2023/08/25 - 22:08:17 | 200 |      5.3243ms |             ::1 | GET      "/v1/minio/tasks/29952accb40c62368a98fc6ba76418ea/20"
[GIN] 2023/08/25 - 22:08:18 | 200 |      4.9216ms |             ::1 | GET      "/v1/minio/tasks/29952accb40c62368a98fc6ba76418ea/21"
[GIN] 2023/08/25 - 22:08:21 | 200 |    206.9361ms |             ::1 | POST     "/v1/minio/tasks/merge/29952accb40c62368a98fc6ba76418ea"
